{"level":"info","message":"⌛ Building environment","timeElapsed":148,"timestamp":"2025-10-12T15:23:41.752Z"}
{"level":"info","message":"⌛ Building environment","timeElapsed":138,"timestamp":"2025-10-12T15:23:41.932Z"}
{"level":"info","message":"⌛ Validating cultivos.wlk","timeElapsed":121,"timestamp":"2025-10-12T15:23:42.053Z"}
{"level":"info","message":"⌛ Building environment","timeElapsed":138,"timestamp":"2025-10-12T15:23:42.192Z"}
{"level":"info","message":"⌛ Building environment","timeElapsed":147,"timestamp":"2025-10-12T15:23:42.339Z"}
{"level":"info","message":"⌛ Validating cultivos.wlk","timeElapsed":126,"timestamp":"2025-10-12T15:23:42.467Z"}
{"level":"info","message":"⌛ Building environment","timeElapsed":148,"timestamp":"2025-10-12T15:23:42.720Z"}
{"level":"info","message":"⌛ Building environment","timeElapsed":171,"timestamp":"2025-10-12T15:23:42.892Z"}
{"level":"info","message":"⌛ Validating cultivos.wlk","timeElapsed":117,"timestamp":"2025-10-12T15:23:43.010Z"}
{"level":"info","message":"⌛ Building environment","timeElapsed":157,"timestamp":"2025-10-12T15:23:43.170Z"}
{"level":"info","message":"⌛ Building environment","timeElapsed":122,"timestamp":"2025-10-12T15:23:43.391Z"}
{"level":"info","message":"⌛ Building environment","timeElapsed":186,"timestamp":"2025-10-12T15:23:43.579Z"}
{"level":"info","message":"⌛ Validating cultivos.wlk","timeElapsed":102,"timestamp":"2025-10-12T15:23:43.681Z"}
{"level":"info","message":"⌛ Building environment","timeElapsed":116,"timestamp":"2025-10-12T15:23:43.797Z"}
{"level":"info","message":"⌛ Building environment","timeElapsed":122,"timestamp":"2025-10-12T15:23:44.020Z"}
{"level":"info","message":"⌛ Building environment","timeElapsed":142,"timestamp":"2025-10-12T15:23:44.263Z"}
{"level":"info","message":"⌛ Validating cultivos.wlk","timeElapsed":105,"timestamp":"2025-10-12T15:23:44.374Z"}
{"level":"info","message":"⌛ Validating cultivos.wlk","timeElapsed":101,"timestamp":"2025-10-12T15:23:44.479Z"}
{"level":"info","message":"🚀 Program executed \u001b[3m\u001b[34mgame.farmville\u001b[39m\u001b[23m on \u001b[3m\u001b[34m/home/publico/Escritorio/POO-Gutierrez Eric/2025c2s2-granja-villa-Gutierrez-Eric\u001b[39m\u001b[23m","ok":true,"timeElapsed":1004,"timestamp":"2025-10-12T15:24:00.338Z"}
{"level":"info","message":"⌛ Building environment","timeElapsed":167,"timestamp":"2025-10-12T15:24:23.988Z"}
{"level":"info","message":"⌛ Building environment","timeElapsed":176,"timestamp":"2025-10-12T15:24:24.234Z"}
{"level":"info","message":"⌛ Building environment","timeElapsed":146,"timestamp":"2025-10-12T15:24:24.381Z"}
{"level":"info","message":"⌛ Validating cultivos.wlk","timeElapsed":229,"timestamp":"2025-10-12T15:24:24.610Z"}
{"level":"info","message":"⌛ Building environment","timeElapsed":228,"timestamp":"2025-10-12T15:24:24.840Z"}
{"level":"info","message":"⌛ Building environment","timeElapsed":175,"timestamp":"2025-10-12T15:24:25.016Z"}
{"level":"info","message":"⌛ Validating cultivos.wlk","timeElapsed":274,"timestamp":"2025-10-12T15:24:25.291Z"}
{"level":"info","message":"⌛ Building environment","timeElapsed":237,"timestamp":"2025-10-12T15:24:25.530Z"}
{"level":"info","message":"⌛ Building environment","timeElapsed":182,"timestamp":"2025-10-12T15:24:25.712Z"}
{"level":"info","message":"⌛ Validating cultivos.wlk","timeElapsed":235,"timestamp":"2025-10-12T15:24:25.948Z"}
{"level":"info","message":"⌛ Building environment","timeElapsed":169,"timestamp":"2025-10-12T15:24:26.118Z"}
{"level":"info","message":"⌛ Building environment","timeElapsed":212,"timestamp":"2025-10-12T15:24:26.346Z"}
{"level":"info","message":"⌛ Building environment","timeElapsed":173,"timestamp":"2025-10-12T15:24:26.520Z"}
{"level":"info","message":"⌛ Building environment","timeElapsed":191,"timestamp":"2025-10-12T15:24:26.712Z"}
{"level":"info","message":"⌛ Validating cultivos.wlk","timeElapsed":196,"timestamp":"2025-10-12T15:24:26.908Z"}
{"level":"info","message":"⌛ Building environment","timeElapsed":185,"timestamp":"2025-10-12T15:24:27.093Z"}
{"level":"info","message":"⌛ Validating cultivos.wlk","timeElapsed":236,"timestamp":"2025-10-12T15:24:27.330Z"}
{"level":"info","message":"⌛ Building environment","timeElapsed":163,"timestamp":"2025-10-12T15:24:27.497Z"}
{"level":"info","message":"⌛ Validating cultivos.wlk","timeElapsed":221,"timestamp":"2025-10-12T15:24:27.724Z"}
{"level":"info","message":"⌛ Validating cultivos.wlk","timeElapsed":216,"timestamp":"2025-10-12T15:24:27.941Z"}
{"level":"info","message":"⌛ Building environment","timeElapsed":154,"timestamp":"2025-10-12T15:24:28.095Z"}
{"level":"info","message":"⌛ Building environment","timeElapsed":151,"timestamp":"2025-10-12T15:24:28.308Z"}
{"level":"info","message":"⌛ Building environment","timeElapsed":174,"timestamp":"2025-10-12T15:24:28.482Z"}
{"level":"info","message":"⌛ Validating cultivos.wlk","timeElapsed":232,"timestamp":"2025-10-12T15:24:28.734Z"}
{"level":"info","message":"⌛ Building environment","timeElapsed":218,"timestamp":"2025-10-12T15:24:28.952Z"}
{"level":"info","message":"⌛ Building environment","timeElapsed":276,"timestamp":"2025-10-12T15:24:29.229Z"}
{"level":"info","message":"⌛ Validating cultivos.wlk","timeElapsed":251,"timestamp":"2025-10-12T15:24:29.499Z"}
{"level":"info","message":"⌛ Validating cultivos.wlk","timeElapsed":240,"timestamp":"2025-10-12T15:24:29.755Z"}
{"level":"info","message":"⌛ Validating cultivos.wlk","timeElapsed":224,"timestamp":"2025-10-12T15:24:29.980Z"}
{"level":"info","message":"⌛ Building environment","timeElapsed":161,"timestamp":"2025-10-12T15:24:30.142Z"}
{"level":"info","message":"⌛ Building environment","timeElapsed":200,"timestamp":"2025-10-12T15:24:30.356Z"}
{"level":"info","message":"⌛ Validating cultivos.wlk","timeElapsed":235,"timestamp":"2025-10-12T15:24:30.592Z"}
{"level":"info","message":"⌛ Validating cultivos.wlk","timeElapsed":221,"timestamp":"2025-10-12T15:24:30.825Z"}
{"level":"info","message":"⌛ Validating cultivos.wlk","timeElapsed":199,"timestamp":"2025-10-12T15:24:31.034Z"}
{"level":"info","message":"⌛ Validating cultivos.wlk","timeElapsed":198,"timestamp":"2025-10-12T15:24:31.241Z"}
{"level":"info","message":"⌛ Validating cultivos.wlk","timeElapsed":192,"timestamp":"2025-10-12T15:24:31.434Z"}
{"level":"info","message":"⌛ Building environment","timeElapsed":152,"timestamp":"2025-10-12T15:24:31.586Z"}
{"level":"info","message":"⌛ Validating cultivos.wlk","timeElapsed":225,"timestamp":"2025-10-12T15:24:31.811Z"}
{"level":"info","message":"⌛ Building environment","timeElapsed":157,"timestamp":"2025-10-12T15:24:31.977Z"}
{"level":"info","message":"⌛ Validating cultivos.wlk","timeElapsed":229,"timestamp":"2025-10-12T15:24:32.207Z"}
{"level":"info","message":"⌛ Building environment","timeElapsed":252,"timestamp":"2025-10-12T15:24:32.509Z"}
{"level":"info","message":"⌛ Building environment","timeElapsed":159,"timestamp":"2025-10-12T15:24:32.685Z"}
{"level":"info","message":"⌛ Building environment","timeElapsed":187,"timestamp":"2025-10-12T15:24:32.872Z"}
{"level":"info","message":"⌛ Building environment","timeElapsed":207,"timestamp":"2025-10-12T15:24:33.080Z"}
{"level":"info","message":"⌛ Building environment","timeElapsed":212,"timestamp":"2025-10-12T15:24:33.293Z"}
{"level":"info","message":"⌛ Validating cultivos.wlk","timeElapsed":261,"timestamp":"2025-10-12T15:24:33.555Z"}
{"level":"info","message":"⌛ Validating cultivos.wlk","timeElapsed":192,"timestamp":"2025-10-12T15:24:33.773Z"}
{"level":"info","message":"⌛ Building environment","timeElapsed":184,"timestamp":"2025-10-12T15:24:33.958Z"}
{"level":"info","message":"⌛ Building environment","timeElapsed":162,"timestamp":"2025-10-12T15:24:34.128Z"}
{"level":"info","message":"⌛ Building environment","timeElapsed":188,"timestamp":"2025-10-12T15:24:34.334Z"}
{"level":"info","message":"⌛ Validating cultivos.wlk","timeElapsed":256,"timestamp":"2025-10-12T15:24:34.608Z"}
{"level":"info","message":"⌛ Validating cultivos.wlk","timeElapsed":223,"timestamp":"2025-10-12T15:24:34.846Z"}
{"level":"info","message":"⌛ Building environment","timeElapsed":198,"timestamp":"2025-10-12T15:24:35.044Z"}
{"level":"info","message":"⌛ Building environment","timeElapsed":209,"timestamp":"2025-10-12T15:24:35.257Z"}
{"level":"info","message":"⌛ Validating cultivos.wlk","timeElapsed":242,"timestamp":"2025-10-12T15:24:35.500Z"}
{"level":"info","message":"⌛ Validating cultivos.wlk","timeElapsed":204,"timestamp":"2025-10-12T15:24:35.705Z"}
{"level":"info","message":"⌛ Building environment","timeElapsed":153,"timestamp":"2025-10-12T15:24:35.878Z"}
{"level":"info","message":"⌛ Validating cultivos.wlk","timeElapsed":224,"timestamp":"2025-10-12T15:24:36.101Z"}
{"level":"info","message":"⌛ Building environment","timeElapsed":220,"timestamp":"2025-10-12T15:24:36.322Z"}
{"level":"error","message":"✘ Completions for node Send ([74:23, 74:35] - cultivos.wlk) failed: Error: [Send]{8537b2} at cultivos.wlk:74 exhausted all cases without a match [Send]{8537b2} at cultivos.wlk:74 exhausted all cases without a match","stack":"Error: [Send]{8537b2} at cultivos.wlk:74 exhausted all cases without a match\n    at /home/publico/.var/app/com.visualstudio.code/data/vscode/extensions/uqbar.wollok-lsp-ide-0.5.3/out/server/src/server.js:38:6142\n    at D2 (/home/publico/.var/app/com.visualstudio.code/data/vscode/extensions/uqbar.wollok-lsp-ide-0.5.3/out/server/src/server.js:2384:42)\n    at Qh (/home/publico/.var/app/com.visualstudio.code/data/vscode/extensions/uqbar.wollok-lsp-ide-0.5.3/out/server/src/server.js:2384:1092)\n    at k6n (/home/publico/.var/app/com.visualstudio.code/data/vscode/extensions/uqbar.wollok-lsp-ide-0.5.3/out/server/src/server.js:2384:1248)\n    at /home/publico/.var/app/com.visualstudio.code/data/vscode/extensions/uqbar.wollok-lsp-ide-0.5.3/out/server/src/server.js:38:6131\n    at D2 (/home/publico/.var/app/com.visualstudio.code/data/vscode/extensions/uqbar.wollok-lsp-ide-0.5.3/out/server/src/server.js:2384:42)\n    at /home/publico/.var/app/com.visualstudio.code/data/vscode/extensions/uqbar.wollok-lsp-ide-0.5.3/out/server/src/server.js:2384:2988\n    at /home/publico/.var/app/com.visualstudio.code/data/vscode/extensions/uqbar.wollok-lsp-ide-0.5.3/out/server/src/server.js:2393:8440\n    at /home/publico/.var/app/com.visualstudio.code/data/vscode/extensions/uqbar.wollok-lsp-ide-0.5.3/out/server/src/server.js:37:74872\n    at Ye (/home/publico/.var/app/com.visualstudio.code/data/vscode/extensions/uqbar.wollok-lsp-ide-0.5.3/out/server/src/server.js:7:8527)","timestamp":"2025-10-12T15:24:36.367Z"}
{"level":"info","message":"⌛ Validating cultivos.wlk","timeElapsed":197,"timestamp":"2025-10-12T15:24:36.565Z"}
{"level":"info","message":"⌛ Building environment","timeElapsed":258,"timestamp":"2025-10-12T15:24:36.824Z"}
{"level":"info","message":"⌛ Building environment","timeElapsed":189,"timestamp":"2025-10-12T15:24:37.013Z"}
{"level":"info","message":"⌛ Validating cultivos.wlk","timeElapsed":232,"timestamp":"2025-10-12T15:24:37.245Z"}
{"level":"info","message":"⌛ Building environment","timeElapsed":161,"timestamp":"2025-10-12T15:24:37.406Z"}
{"level":"info","message":"⌛ Building environment","timeElapsed":192,"timestamp":"2025-10-12T15:24:37.599Z"}
{"level":"info","message":"⌛ Building environment","timeElapsed":174,"timestamp":"2025-10-12T15:24:37.791Z"}
{"level":"info","message":"⌛ Validating cultivos.wlk","timeElapsed":229,"timestamp":"2025-10-12T15:24:38.031Z"}
{"level":"info","message":"⌛ Building environment","timeElapsed":192,"timestamp":"2025-10-12T15:24:38.225Z"}
{"level":"info","message":"⌛ Validating cultivos.wlk","timeElapsed":236,"timestamp":"2025-10-12T15:24:38.474Z"}
{"level":"info","message":"⌛ Building environment","timeElapsed":186,"timestamp":"2025-10-12T15:24:38.661Z"}
{"level":"info","message":"⌛ Validating cultivos.wlk","timeElapsed":257,"timestamp":"2025-10-12T15:24:38.919Z"}
{"level":"info","message":"⌛ Building environment","timeElapsed":225,"timestamp":"2025-10-12T15:24:39.174Z"}
{"level":"info","message":"⌛ Building environment","timeElapsed":193,"timestamp":"2025-10-12T15:24:39.367Z"}
{"level":"info","message":"⌛ Validating cultivos.wlk","timeElapsed":243,"timestamp":"2025-10-12T15:24:39.629Z"}
{"level":"info","message":"⌛ Validating cultivos.wlk","timeElapsed":224,"timestamp":"2025-10-12T15:24:39.871Z"}
{"level":"info","message":"⌛ Building environment","timeElapsed":167,"timestamp":"2025-10-12T15:24:40.038Z"}
{"level":"info","message":"⌛ Building environment","timeElapsed":168,"timestamp":"2025-10-12T15:24:40.206Z"}
{"level":"info","message":"⌛ Building environment","timeElapsed":189,"timestamp":"2025-10-12T15:24:40.410Z"}
{"level":"info","message":"⌛ Building environment","timeElapsed":162,"timestamp":"2025-10-12T15:24:40.573Z"}
{"level":"info","message":"⌛ Validating cultivos.wlk","timeElapsed":238,"timestamp":"2025-10-12T15:24:40.812Z"}
{"level":"info","message":"⌛ Building environment","timeElapsed":250,"timestamp":"2025-10-12T15:24:41.062Z"}
{"level":"info","message":"⌛ Building environment","timeElapsed":182,"timestamp":"2025-10-12T15:24:41.245Z"}
{"level":"info","message":"⌛ Validating cultivos.wlk","timeElapsed":265,"timestamp":"2025-10-12T15:24:41.588Z"}
{"level":"info","message":"⌛ Building environment","timeElapsed":330,"timestamp":"2025-10-12T15:24:41.924Z"}
{"level":"info","message":"⌛ Building environment","timeElapsed":150,"timestamp":"2025-10-12T15:24:42.076Z"}
{"level":"error","message":"✘ Completions for node Send ([74:23, 74:38] - cultivos.wlk) failed: Error: [Send]{4d6966} at cultivos.wlk:74 exhausted all cases without a match [Send]{4d6966} at cultivos.wlk:74 exhausted all cases without a match","stack":"Error: [Send]{4d6966} at cultivos.wlk:74 exhausted all cases without a match\n    at /home/publico/.var/app/com.visualstudio.code/data/vscode/extensions/uqbar.wollok-lsp-ide-0.5.3/out/server/src/server.js:38:6142\n    at D2 (/home/publico/.var/app/com.visualstudio.code/data/vscode/extensions/uqbar.wollok-lsp-ide-0.5.3/out/server/src/server.js:2384:42)\n    at Qh (/home/publico/.var/app/com.visualstudio.code/data/vscode/extensions/uqbar.wollok-lsp-ide-0.5.3/out/server/src/server.js:2384:1092)\n    at k6n (/home/publico/.var/app/com.visualstudio.code/data/vscode/extensions/uqbar.wollok-lsp-ide-0.5.3/out/server/src/server.js:2384:1248)\n    at /home/publico/.var/app/com.visualstudio.code/data/vscode/extensions/uqbar.wollok-lsp-ide-0.5.3/out/server/src/server.js:38:6131\n    at D2 (/home/publico/.var/app/com.visualstudio.code/data/vscode/extensions/uqbar.wollok-lsp-ide-0.5.3/out/server/src/server.js:2384:42)\n    at /home/publico/.var/app/com.visualstudio.code/data/vscode/extensions/uqbar.wollok-lsp-ide-0.5.3/out/server/src/server.js:2384:2988\n    at /home/publico/.var/app/com.visualstudio.code/data/vscode/extensions/uqbar.wollok-lsp-ide-0.5.3/out/server/src/server.js:2393:8440\n    at /home/publico/.var/app/com.visualstudio.code/data/vscode/extensions/uqbar.wollok-lsp-ide-0.5.3/out/server/src/server.js:37:74872\n    at Ye (/home/publico/.var/app/com.visualstudio.code/data/vscode/extensions/uqbar.wollok-lsp-ide-0.5.3/out/server/src/server.js:7:8527)","timestamp":"2025-10-12T15:24:42.127Z"}
{"level":"info","message":"⌛ Building environment","timeElapsed":177,"timestamp":"2025-10-12T15:24:42.321Z"}
{"level":"info","message":"⌛ Validating cultivos.wlk","timeElapsed":234,"timestamp":"2025-10-12T15:24:42.556Z"}
{"level":"info","message":"⌛ Building environment","timeElapsed":169,"timestamp":"2025-10-12T15:24:42.740Z"}
{"level":"info","message":"⌛ Validating cultivos.wlk","timeElapsed":236,"timestamp":"2025-10-12T15:24:42.977Z"}
{"level":"info","message":"⌛ Building environment","timeElapsed":164,"timestamp":"2025-10-12T15:24:43.141Z"}
{"level":"info","message":"⌛ Validating cultivos.wlk","timeElapsed":221,"timestamp":"2025-10-12T15:24:43.362Z"}
{"level":"info","message":"⌛ Building environment","timeElapsed":203,"timestamp":"2025-10-12T15:24:43.590Z"}
{"level":"info","message":"⌛ Validating cultivos.wlk","timeElapsed":265,"timestamp":"2025-10-12T15:24:43.856Z"}
{"level":"info","message":"⌛ Validating cultivos.wlk","timeElapsed":270,"timestamp":"2025-10-12T15:24:44.127Z"}
{"level":"info","message":"⌛ Building environment","timeElapsed":186,"timestamp":"2025-10-12T15:24:44.320Z"}
{"level":"info","message":"⌛ Validating cultivos.wlk","timeElapsed":220,"timestamp":"2025-10-12T15:24:44.562Z"}
{"level":"info","message":"⌛ Validating cultivos.wlk","timeElapsed":222,"timestamp":"2025-10-12T15:24:44.812Z"}
{"level":"info","message":"⌛ Building environment","timeElapsed":169,"timestamp":"2025-10-12T15:24:44.982Z"}
{"level":"info","message":"⌛ Building environment","timeElapsed":161,"timestamp":"2025-10-12T15:24:45.173Z"}
{"level":"info","message":"⌛ Validating cultivos.wlk","timeElapsed":209,"timestamp":"2025-10-12T15:24:45.387Z"}
{"level":"info","message":"⌛ Building environment","timeElapsed":174,"timestamp":"2025-10-12T15:24:45.562Z"}
{"level":"info","message":"⌛ Validating cultivos.wlk","timeElapsed":235,"timestamp":"2025-10-12T15:24:45.857Z"}
{"level":"info","message":"⌛ Building environment","timeElapsed":183,"timestamp":"2025-10-12T15:24:46.040Z"}
{"level":"info","message":"⌛ Building environment","timeElapsed":198,"timestamp":"2025-10-12T15:24:46.239Z"}
{"level":"info","message":"⌛ Building environment","timeElapsed":148,"timestamp":"2025-10-12T15:24:46.387Z"}
{"level":"info","message":"⌛ Validating cultivos.wlk","timeElapsed":220,"timestamp":"2025-10-12T15:24:46.615Z"}
{"level":"info","message":"⌛ Validating cultivos.wlk","timeElapsed":208,"timestamp":"2025-10-12T15:24:46.833Z"}
{"level":"info","message":"⌛ Validating cultivos.wlk","timeElapsed":219,"timestamp":"2025-10-12T15:24:47.058Z"}
{"level":"info","message":"⌛ Validating cultivos.wlk","timeElapsed":221,"timestamp":"2025-10-12T15:24:47.279Z"}
{"level":"info","message":"⌛ Validating cultivos.wlk","timeElapsed":234,"timestamp":"2025-10-12T15:24:47.545Z"}
{"level":"info","message":"⌛ Validating cultivos.wlk","timeElapsed":222,"timestamp":"2025-10-12T15:24:47.777Z"}
{"level":"info","message":"⌛ Validating cultivos.wlk","timeElapsed":186,"timestamp":"2025-10-12T15:24:47.964Z"}
{"level":"info","message":"⌛ Validating cultivos.wlk","timeElapsed":211,"timestamp":"2025-10-12T15:24:48.176Z"}
{"level":"info","message":"⌛ Validating cultivos.wlk","timeElapsed":215,"timestamp":"2025-10-12T15:24:48.398Z"}
{"level":"info","message":"⌛ Validating cultivos.wlk","timeElapsed":240,"timestamp":"2025-10-12T15:24:48.741Z"}
{"level":"info","message":"⌛ Validating cultivos.wlk","timeElapsed":260,"timestamp":"2025-10-12T15:24:49.010Z"}
{"level":"info","message":"⌛ Building environment","timeElapsed":172,"timestamp":"2025-10-12T15:24:49.183Z"}
{"level":"info","message":"⌛ Validating cultivos.wlk","timeElapsed":237,"timestamp":"2025-10-12T15:24:49.435Z"}
{"level":"info","message":"⌛ Validating cultivos.wlk","timeElapsed":206,"timestamp":"2025-10-12T15:24:49.641Z"}
{"level":"info","message":"⌛ Validating cultivos.wlk","timeElapsed":212,"timestamp":"2025-10-12T15:24:49.854Z"}
{"level":"info","message":"⌛ Validating cultivos.wlk","timeElapsed":214,"timestamp":"2025-10-12T15:24:50.068Z"}
{"level":"info","message":"⌛ Validating cultivos.wlk","timeElapsed":196,"timestamp":"2025-10-12T15:24:50.265Z"}
{"level":"info","message":"⌛ Validating cultivos.wlk","timeElapsed":217,"timestamp":"2025-10-12T15:24:50.523Z"}
{"level":"info","message":"⌛ Validating cultivos.wlk","timeElapsed":244,"timestamp":"2025-10-12T15:24:50.768Z"}
{"level":"info","message":"⌛ Validating cultivos.wlk","timeElapsed":220,"timestamp":"2025-10-12T15:24:50.989Z"}
{"level":"info","message":"⌛ Validating cultivos.wlk","timeElapsed":229,"timestamp":"2025-10-12T15:24:51.256Z"}
{"exitCode":"SIGHUP","level":"info","message":"👾 Game executed game.farmville on /home/publico/Escritorio/POO-Gutierrez Eric/2025c2s2-granja-villa-Gutierrez-Eric","timeElapsed":55137,"timestamp":"2025-10-12T15:24:54.471Z"}
{"level":"info","message":"🚀 Program executed \u001b[3m\u001b[34mgame.farmville\u001b[39m\u001b[23m on \u001b[3m\u001b[34m/home/publico/Escritorio/POO-Gutierrez Eric/2025c2s2-granja-villa-Gutierrez-Eric\u001b[39m\u001b[23m","ok":true,"timeElapsed":977,"timestamp":"2025-10-12T15:24:57.040Z"}
{"level":"info","message":"⌛ Building environment","timeElapsed":201,"timestamp":"2025-10-12T15:25:19.323Z"}
{"level":"info","message":"⌛ Validating cultivos.wlk","timeElapsed":265,"timestamp":"2025-10-12T15:25:19.590Z"}
{"level":"info","message":"⌛ Building environment","timeElapsed":184,"timestamp":"2025-10-12T15:25:21.408Z"}
{"level":"info","message":"⌛ Validating cultivos.wlk","timeElapsed":243,"timestamp":"2025-10-12T15:25:21.653Z"}
{"level":"info","message":"⌛ Building environment","timeElapsed":156,"timestamp":"2025-10-12T15:25:23.832Z"}
{"level":"info","message":"⌛ Building environment","timeElapsed":184,"timestamp":"2025-10-12T15:25:24.066Z"}
{"level":"info","message":"⌛ Validating cultivos.wlk","timeElapsed":201,"timestamp":"2025-10-12T15:25:24.270Z"}
{"level":"info","message":"⌛ Building environment","timeElapsed":161,"timestamp":"2025-10-12T15:25:24.432Z"}
{"level":"info","message":"⌛ Building environment","timeElapsed":177,"timestamp":"2025-10-12T15:25:24.624Z"}
{"level":"info","message":"⌛ Building environment","timeElapsed":192,"timestamp":"2025-10-12T15:25:24.817Z"}
{"level":"info","message":"⌛ Validating cultivos.wlk","timeElapsed":253,"timestamp":"2025-10-12T15:25:25.069Z"}
{"level":"error","message":"✘ Failed to rebuild document Failed to parse cultivos.wlk: \n-- PARSING FAILED --------------------------------------------------\n\n   99 | \t\t\tgame.removeVisual(self)\n  100 | \t\t\tcultivos.removerCultivoEnPosicion(self)\n> 101 | \t\t}\n      |   ^\n  102 | \t}\n  103 | \n\nExpected one of the following: \n\n'@', 'class', 'const', 'describe', 'mixin', 'object', 'only', 'package', 'program', 'test', 'var', '{', EOF, comment, not \"}\n\t\", whitespace\n","stack":"Error: Failed to parse cultivos.wlk: \n-- PARSING FAILED --------------------------------------------------\n\n   99 | \t\t\tgame.removeVisual(self)\n  100 | \t\t\tcultivos.removerCultivoEnPosicion(self)\n> 101 | \t\t}\n      |   ^\n  102 | \t}\n  103 | \n\nExpected one of the following: \n\n'@', 'class', 'const', 'describe', 'mixin', 'object', 'only', 'package', 'program', 'test', 'var', '{', EOF, comment, not \"}\n\t\", whitespace\n\n    at /home/publico/.var/app/com.visualstudio.code/data/vscode/extensions/uqbar.wollok-lsp-ide-0.5.3/out/server/src/server.js:2348:13026\n    at Array.map (<anonymous>)\n    at W1n (/home/publico/.var/app/com.visualstudio.code/data/vscode/extensions/uqbar.wollok-lsp-ide-0.5.3/out/server/src/server.js:2348:12950)\n    at U2.buildEnvironmentFrom (/home/publico/.var/app/com.visualstudio.code/data/vscode/extensions/uqbar.wollok-lsp-ide-0.5.3/out/server/src/server.js:2393:5254)\n    at U2.updateEnvironmentWith (/home/publico/.var/app/com.visualstudio.code/data/vscode/extensions/uqbar.wollok-lsp-ide-0.5.3/out/server/src/server.js:2393:4989)\n    at JF (/home/publico/.var/app/com.visualstudio.code/data/vscode/extensions/uqbar.wollok-lsp-ide-0.5.3/out/server/src/server.js:2393:7383)\n    at F3.invoke (/home/publico/.var/app/com.visualstudio.code/data/vscode/extensions/uqbar.wollok-lsp-ide-0.5.3/out/server/src/server.js:3:157334)\n    at o.fire (/home/publico/.var/app/com.visualstudio.code/data/vscode/extensions/uqbar.wollok-lsp-ide-0.5.3/out/server/src/server.js:3:158104)\n    at /home/publico/.var/app/com.visualstudio.code/data/vscode/extensions/uqbar.wollok-lsp-ide-0.5.3/out/server/src/server.js:37:57871\n    at Zr (/home/publico/.var/app/com.visualstudio.code/data/vscode/extensions/uqbar.wollok-lsp-ide-0.5.3/out/server/src/server.js:8:1561)","timestamp":"2025-10-12T15:25:25.148Z"}
{"level":"error","message":"✘ Failed to rebuild document Failed to parse cultivos.wlk: \n-- PARSING FAILED --------------------------------------------------\n\n   99 | \t\t\tgame.removeVisual(self)\n  100 | \t\t\tcultivos.removerCultivoEnPosicion(self)\n> 101 | \t\t}\n      |   ^\n  102 | \t}\n  103 | \n\nExpected one of the following: \n\n'@', 'class', 'const', 'describe', 'mixin', 'object', 'only', 'package', 'program', 'test', 'var', '{', EOF, comment, not \"}\n\t\", whitespace\n","stack":"Error: Failed to parse cultivos.wlk: \n-- PARSING FAILED --------------------------------------------------\n\n   99 | \t\t\tgame.removeVisual(self)\n  100 | \t\t\tcultivos.removerCultivoEnPosicion(self)\n> 101 | \t\t}\n      |   ^\n  102 | \t}\n  103 | \n\nExpected one of the following: \n\n'@', 'class', 'const', 'describe', 'mixin', 'object', 'only', 'package', 'program', 'test', 'var', '{', EOF, comment, not \"}\n\t\", whitespace\n\n    at /home/publico/.var/app/com.visualstudio.code/data/vscode/extensions/uqbar.wollok-lsp-ide-0.5.3/out/server/src/server.js:2348:13026\n    at Array.map (<anonymous>)\n    at W1n (/home/publico/.var/app/com.visualstudio.code/data/vscode/extensions/uqbar.wollok-lsp-ide-0.5.3/out/server/src/server.js:2348:12950)\n    at U2.buildEnvironmentFrom (/home/publico/.var/app/com.visualstudio.code/data/vscode/extensions/uqbar.wollok-lsp-ide-0.5.3/out/server/src/server.js:2393:5254)\n    at U2.updateEnvironmentWith (/home/publico/.var/app/com.visualstudio.code/data/vscode/extensions/uqbar.wollok-lsp-ide-0.5.3/out/server/src/server.js:2393:4989)\n    at JF (/home/publico/.var/app/com.visualstudio.code/data/vscode/extensions/uqbar.wollok-lsp-ide-0.5.3/out/server/src/server.js:2393:7383)\n    at F3.invoke (/home/publico/.var/app/com.visualstudio.code/data/vscode/extensions/uqbar.wollok-lsp-ide-0.5.3/out/server/src/server.js:3:157334)\n    at o.fire (/home/publico/.var/app/com.visualstudio.code/data/vscode/extensions/uqbar.wollok-lsp-ide-0.5.3/out/server/src/server.js:3:158104)\n    at /home/publico/.var/app/com.visualstudio.code/data/vscode/extensions/uqbar.wollok-lsp-ide-0.5.3/out/server/src/server.js:37:57871\n    at Zr (/home/publico/.var/app/com.visualstudio.code/data/vscode/extensions/uqbar.wollok-lsp-ide-0.5.3/out/server/src/server.js:8:1561)","timestamp":"2025-10-12T15:25:25.177Z"}
{"level":"info","message":"⌛ Building environment","timeElapsed":147,"timestamp":"2025-10-12T15:25:25.328Z"}
{"level":"info","message":"⌛ Building environment","timeElapsed":164,"timestamp":"2025-10-12T15:25:25.492Z"}
{"level":"info","message":"⌛ Building environment","timeElapsed":208,"timestamp":"2025-10-12T15:25:25.760Z"}
{"level":"info","message":"⌛ Validating cultivos.wlk","timeElapsed":200,"timestamp":"2025-10-12T15:25:25.961Z"}
{"level":"info","message":"⌛ Building environment","timeElapsed":152,"timestamp":"2025-10-12T15:25:26.114Z"}
{"level":"info","message":"⌛ Building environment","timeElapsed":143,"timestamp":"2025-10-12T15:25:26.258Z"}
{"level":"info","message":"⌛ Validating cultivos.wlk","timeElapsed":152,"timestamp":"2025-10-12T15:25:26.426Z"}
{"level":"info","message":"⌛ Validating cultivos.wlk","timeElapsed":175,"timestamp":"2025-10-12T15:25:26.601Z"}
{"level":"info","message":"⌛ Building environment","timeElapsed":162,"timestamp":"2025-10-12T15:25:26.781Z"}
{"level":"info","message":"⌛ Building environment","timeElapsed":202,"timestamp":"2025-10-12T15:25:26.983Z"}
{"level":"info","message":"⌛ Validating cultivos.wlk","timeElapsed":224,"timestamp":"2025-10-12T15:25:27.207Z"}
{"level":"info","message":"⌛ Validating cultivos.wlk","timeElapsed":201,"timestamp":"2025-10-12T15:25:27.425Z"}
{"level":"info","message":"⌛ Validating cultivos.wlk","timeElapsed":224,"timestamp":"2025-10-12T15:25:27.650Z"}
{"level":"info","message":"⌛ Building environment","timeElapsed":227,"timestamp":"2025-10-12T15:25:27.877Z"}
{"level":"info","message":"⌛ Validating cultivos.wlk","timeElapsed":219,"timestamp":"2025-10-12T15:25:28.121Z"}
{"level":"info","message":"⌛ Validating cultivos.wlk","timeElapsed":215,"timestamp":"2025-10-12T15:25:28.341Z"}
{"level":"info","message":"⌛ Building environment","timeElapsed":251,"timestamp":"2025-10-12T15:25:28.593Z"}
{"level":"info","message":"⌛ Validating cultivos.wlk","timeElapsed":223,"timestamp":"2025-10-12T15:25:28.816Z"}
{"level":"info","message":"⌛ Validating cultivos.wlk","timeElapsed":193,"timestamp":"2025-10-12T15:25:29.026Z"}
{"level":"info","message":"⌛ Building environment","timeElapsed":180,"timestamp":"2025-10-12T15:25:29.207Z"}
{"level":"info","message":"⌛ Validating cultivos.wlk","timeElapsed":216,"timestamp":"2025-10-12T15:25:29.443Z"}
{"level":"info","message":"⌛ Validating cultivos.wlk","timeElapsed":221,"timestamp":"2025-10-12T15:25:29.665Z"}
{"level":"info","message":"⌛ Validating cultivos.wlk","timeElapsed":213,"timestamp":"2025-10-12T15:25:29.881Z"}
{"level":"error","message":"✘ Failed to rebuild document Failed to parse cultivos.wlk: \n-- PARSING FAILED --------------------------------------------------\n\n  84 | \t\tgame.addVisual(self)\n  85 | \t\tcultivos.agregarCultivo(self)\n> 86 | \t}\n     |  ^\n  87 | \n  88 | \tmethod estaEnPosicion(posicion){\n\nExpected one of the following: \n\n'@', 'class', 'const', 'describe', 'mixin', 'object', 'only', 'package', 'program', 'test', 'var', '{', EOF, comment, not \"}\n\n\t\", whitespace\n","stack":"Error: Failed to parse cultivos.wlk: \n-- PARSING FAILED --------------------------------------------------\n\n  84 | \t\tgame.addVisual(self)\n  85 | \t\tcultivos.agregarCultivo(self)\n> 86 | \t}\n     |  ^\n  87 | \n  88 | \tmethod estaEnPosicion(posicion){\n\nExpected one of the following: \n\n'@', 'class', 'const', 'describe', 'mixin', 'object', 'only', 'package', 'program', 'test', 'var', '{', EOF, comment, not \"}\n\n\t\", whitespace\n\n    at /home/publico/.var/app/com.visualstudio.code/data/vscode/extensions/uqbar.wollok-lsp-ide-0.5.3/out/server/src/server.js:2348:13026\n    at Array.map (<anonymous>)\n    at W1n (/home/publico/.var/app/com.visualstudio.code/data/vscode/extensions/uqbar.wollok-lsp-ide-0.5.3/out/server/src/server.js:2348:12950)\n    at U2.buildEnvironmentFrom (/home/publico/.var/app/com.visualstudio.code/data/vscode/extensions/uqbar.wollok-lsp-ide-0.5.3/out/server/src/server.js:2393:5254)\n    at U2.updateEnvironmentWith (/home/publico/.var/app/com.visualstudio.code/data/vscode/extensions/uqbar.wollok-lsp-ide-0.5.3/out/server/src/server.js:2393:4989)\n    at JF (/home/publico/.var/app/com.visualstudio.code/data/vscode/extensions/uqbar.wollok-lsp-ide-0.5.3/out/server/src/server.js:2393:7383)\n    at F3.invoke (/home/publico/.var/app/com.visualstudio.code/data/vscode/extensions/uqbar.wollok-lsp-ide-0.5.3/out/server/src/server.js:3:157334)\n    at o.fire (/home/publico/.var/app/com.visualstudio.code/data/vscode/extensions/uqbar.wollok-lsp-ide-0.5.3/out/server/src/server.js:3:158104)\n    at /home/publico/.var/app/com.visualstudio.code/data/vscode/extensions/uqbar.wollok-lsp-ide-0.5.3/out/server/src/server.js:37:57871\n    at Zr (/home/publico/.var/app/com.visualstudio.code/data/vscode/extensions/uqbar.wollok-lsp-ide-0.5.3/out/server/src/server.js:8:1561)","timestamp":"2025-10-12T15:25:30.861Z"}
{"level":"error","message":"✘ Failed to rebuild document Failed to parse cultivos.wlk: \n-- PARSING FAILED --------------------------------------------------\n\n  84 | \t\tgame.addVisual(self)\n  85 | \t\tcultivos.agregarCultivo(self)\n> 86 | \t}\n     |  ^\n  87 | \n  88 | \tmethod estaEnPosicion(posicion){\n\nExpected one of the following: \n\n'@', 'class', 'const', 'describe', 'mixin', 'object', 'only', 'package', 'program', 'test', 'var', '{', EOF, comment, not \"}\n\n\t\", whitespace\n","stack":"Error: Failed to parse cultivos.wlk: \n-- PARSING FAILED --------------------------------------------------\n\n  84 | \t\tgame.addVisual(self)\n  85 | \t\tcultivos.agregarCultivo(self)\n> 86 | \t}\n     |  ^\n  87 | \n  88 | \tmethod estaEnPosicion(posicion){\n\nExpected one of the following: \n\n'@', 'class', 'const', 'describe', 'mixin', 'object', 'only', 'package', 'program', 'test', 'var', '{', EOF, comment, not \"}\n\n\t\", whitespace\n\n    at /home/publico/.var/app/com.visualstudio.code/data/vscode/extensions/uqbar.wollok-lsp-ide-0.5.3/out/server/src/server.js:2348:13026\n    at Array.map (<anonymous>)\n    at W1n (/home/publico/.var/app/com.visualstudio.code/data/vscode/extensions/uqbar.wollok-lsp-ide-0.5.3/out/server/src/server.js:2348:12950)\n    at U2.buildEnvironmentFrom (/home/publico/.var/app/com.visualstudio.code/data/vscode/extensions/uqbar.wollok-lsp-ide-0.5.3/out/server/src/server.js:2393:5254)\n    at U2.updateEnvironmentWith (/home/publico/.var/app/com.visualstudio.code/data/vscode/extensions/uqbar.wollok-lsp-ide-0.5.3/out/server/src/server.js:2393:4989)\n    at JF (/home/publico/.var/app/com.visualstudio.code/data/vscode/extensions/uqbar.wollok-lsp-ide-0.5.3/out/server/src/server.js:2393:7383)\n    at F3.invoke (/home/publico/.var/app/com.visualstudio.code/data/vscode/extensions/uqbar.wollok-lsp-ide-0.5.3/out/server/src/server.js:3:157334)\n    at o.fire (/home/publico/.var/app/com.visualstudio.code/data/vscode/extensions/uqbar.wollok-lsp-ide-0.5.3/out/server/src/server.js:3:158104)\n    at /home/publico/.var/app/com.visualstudio.code/data/vscode/extensions/uqbar.wollok-lsp-ide-0.5.3/out/server/src/server.js:37:57871\n    at Zr (/home/publico/.var/app/com.visualstudio.code/data/vscode/extensions/uqbar.wollok-lsp-ide-0.5.3/out/server/src/server.js:8:1561)","timestamp":"2025-10-12T15:25:30.983Z"}
{"level":"error","message":"✘ Failed to rebuild document Failed to parse cultivos.wlk: \n-- PARSING FAILED --------------------------------------------------\n\n  84 | \t\tgame.addVisual(self)\n  85 | \t\tcultivos.agregarCultivo(self)\n> 86 | \t}\n     |  ^\n  87 | \n  88 | \tmethod estaEnPosicion(posicion){\n\nExpected one of the following: \n\n'@', 'class', 'const', 'describe', 'mixin', 'object', 'only', 'package', 'program', 'test', 'var', '{', EOF, comment, not \"}\n\n\t\", whitespace\n","stack":"Error: Failed to parse cultivos.wlk: \n-- PARSING FAILED --------------------------------------------------\n\n  84 | \t\tgame.addVisual(self)\n  85 | \t\tcultivos.agregarCultivo(self)\n> 86 | \t}\n     |  ^\n  87 | \n  88 | \tmethod estaEnPosicion(posicion){\n\nExpected one of the following: \n\n'@', 'class', 'const', 'describe', 'mixin', 'object', 'only', 'package', 'program', 'test', 'var', '{', EOF, comment, not \"}\n\n\t\", whitespace\n\n    at /home/publico/.var/app/com.visualstudio.code/data/vscode/extensions/uqbar.wollok-lsp-ide-0.5.3/out/server/src/server.js:2348:13026\n    at Array.map (<anonymous>)\n    at W1n (/home/publico/.var/app/com.visualstudio.code/data/vscode/extensions/uqbar.wollok-lsp-ide-0.5.3/out/server/src/server.js:2348:12950)\n    at U2.buildEnvironmentFrom (/home/publico/.var/app/com.visualstudio.code/data/vscode/extensions/uqbar.wollok-lsp-ide-0.5.3/out/server/src/server.js:2393:5254)\n    at U2.updateEnvironmentWith (/home/publico/.var/app/com.visualstudio.code/data/vscode/extensions/uqbar.wollok-lsp-ide-0.5.3/out/server/src/server.js:2393:4989)\n    at JF (/home/publico/.var/app/com.visualstudio.code/data/vscode/extensions/uqbar.wollok-lsp-ide-0.5.3/out/server/src/server.js:2393:7383)\n    at F3.invoke (/home/publico/.var/app/com.visualstudio.code/data/vscode/extensions/uqbar.wollok-lsp-ide-0.5.3/out/server/src/server.js:3:157334)\n    at o.fire (/home/publico/.var/app/com.visualstudio.code/data/vscode/extensions/uqbar.wollok-lsp-ide-0.5.3/out/server/src/server.js:3:158104)\n    at /home/publico/.var/app/com.visualstudio.code/data/vscode/extensions/uqbar.wollok-lsp-ide-0.5.3/out/server/src/server.js:37:57871\n    at Zr (/home/publico/.var/app/com.visualstudio.code/data/vscode/extensions/uqbar.wollok-lsp-ide-0.5.3/out/server/src/server.js:8:1561)","timestamp":"2025-10-12T15:25:31.149Z"}
{"level":"error","message":"✘ Failed to rebuild document Failed to parse cultivos.wlk: \n-- PARSING FAILED --------------------------------------------------\n\n  83 | \t\tgame.addVisual(self)\n  84 | \t\tcultivos.agregarCultivo(self)\n> 85 | \t}\n     |  ^\n  86 | \n  87 | \tmethod estaEnPosicion(posicion){\n\nExpected one of the following: \n\n'@', 'class', 'const', 'describe', 'mixin', 'object', 'only', 'package', 'program', 'test', 'var', '{', EOF, comment, not \"}\n\n\t\", whitespace\n","stack":"Error: Failed to parse cultivos.wlk: \n-- PARSING FAILED --------------------------------------------------\n\n  83 | \t\tgame.addVisual(self)\n  84 | \t\tcultivos.agregarCultivo(self)\n> 85 | \t}\n     |  ^\n  86 | \n  87 | \tmethod estaEnPosicion(posicion){\n\nExpected one of the following: \n\n'@', 'class', 'const', 'describe', 'mixin', 'object', 'only', 'package', 'program', 'test', 'var', '{', EOF, comment, not \"}\n\n\t\", whitespace\n\n    at /home/publico/.var/app/com.visualstudio.code/data/vscode/extensions/uqbar.wollok-lsp-ide-0.5.3/out/server/src/server.js:2348:13026\n    at Array.map (<anonymous>)\n    at W1n (/home/publico/.var/app/com.visualstudio.code/data/vscode/extensions/uqbar.wollok-lsp-ide-0.5.3/out/server/src/server.js:2348:12950)\n    at U2.buildEnvironmentFrom (/home/publico/.var/app/com.visualstudio.code/data/vscode/extensions/uqbar.wollok-lsp-ide-0.5.3/out/server/src/server.js:2393:5254)\n    at U2.updateEnvironmentWith (/home/publico/.var/app/com.visualstudio.code/data/vscode/extensions/uqbar.wollok-lsp-ide-0.5.3/out/server/src/server.js:2393:4989)\n    at JF (/home/publico/.var/app/com.visualstudio.code/data/vscode/extensions/uqbar.wollok-lsp-ide-0.5.3/out/server/src/server.js:2393:7383)\n    at F3.invoke (/home/publico/.var/app/com.visualstudio.code/data/vscode/extensions/uqbar.wollok-lsp-ide-0.5.3/out/server/src/server.js:3:157334)\n    at o.fire (/home/publico/.var/app/com.visualstudio.code/data/vscode/extensions/uqbar.wollok-lsp-ide-0.5.3/out/server/src/server.js:3:158104)\n    at /home/publico/.var/app/com.visualstudio.code/data/vscode/extensions/uqbar.wollok-lsp-ide-0.5.3/out/server/src/server.js:37:57871\n    at Zr (/home/publico/.var/app/com.visualstudio.code/data/vscode/extensions/uqbar.wollok-lsp-ide-0.5.3/out/server/src/server.js:8:1561)","timestamp":"2025-10-12T15:25:31.360Z"}
{"level":"error","message":"✘ Failed to rebuild document Failed to parse cultivos.wlk: \n-- PARSING FAILED --------------------------------------------------\n\n  83 | \t\tgame.addVisual(self)\n  84 | \t\tcultivos.agregarCultivo(self)\n> 85 | \t}\n     |  ^\n  86 | \n  87 | \tmethod estaEnPosicion(posicion){\n\nExpected one of the following: \n\n'@', 'class', 'const', 'describe', 'mixin', 'object', 'only', 'package', 'program', 'test', 'var', '{', EOF, comment, not \"}\n\n\t\", whitespace\n","stack":"Error: Failed to parse cultivos.wlk: \n-- PARSING FAILED --------------------------------------------------\n\n  83 | \t\tgame.addVisual(self)\n  84 | \t\tcultivos.agregarCultivo(self)\n> 85 | \t}\n     |  ^\n  86 | \n  87 | \tmethod estaEnPosicion(posicion){\n\nExpected one of the following: \n\n'@', 'class', 'const', 'describe', 'mixin', 'object', 'only', 'package', 'program', 'test', 'var', '{', EOF, comment, not \"}\n\n\t\", whitespace\n\n    at /home/publico/.var/app/com.visualstudio.code/data/vscode/extensions/uqbar.wollok-lsp-ide-0.5.3/out/server/src/server.js:2348:13026\n    at Array.map (<anonymous>)\n    at W1n (/home/publico/.var/app/com.visualstudio.code/data/vscode/extensions/uqbar.wollok-lsp-ide-0.5.3/out/server/src/server.js:2348:12950)\n    at U2.buildEnvironmentFrom (/home/publico/.var/app/com.visualstudio.code/data/vscode/extensions/uqbar.wollok-lsp-ide-0.5.3/out/server/src/server.js:2393:5254)\n    at U2.updateEnvironmentWith (/home/publico/.var/app/com.visualstudio.code/data/vscode/extensions/uqbar.wollok-lsp-ide-0.5.3/out/server/src/server.js:2393:4989)\n    at JF (/home/publico/.var/app/com.visualstudio.code/data/vscode/extensions/uqbar.wollok-lsp-ide-0.5.3/out/server/src/server.js:2393:7383)\n    at F3.invoke (/home/publico/.var/app/com.visualstudio.code/data/vscode/extensions/uqbar.wollok-lsp-ide-0.5.3/out/server/src/server.js:3:157334)\n    at o.fire (/home/publico/.var/app/com.visualstudio.code/data/vscode/extensions/uqbar.wollok-lsp-ide-0.5.3/out/server/src/server.js:3:158104)\n    at /home/publico/.var/app/com.visualstudio.code/data/vscode/extensions/uqbar.wollok-lsp-ide-0.5.3/out/server/src/server.js:37:57871\n    at Zr (/home/publico/.var/app/com.visualstudio.code/data/vscode/extensions/uqbar.wollok-lsp-ide-0.5.3/out/server/src/server.js:8:1561)","timestamp":"2025-10-12T15:25:34.884Z"}
{"level":"error","message":"✘ Failed to rebuild document Failed to parse cultivos.wlk: \n-- PARSING FAILED --------------------------------------------------\n\n  83 | \t\tgame.addVisual(self)\n  84 | \t\tcultivos.agregarCultivo(self)\n> 85 | \t}\n     |  ^\n  86 | \n  87 | \tmethod estaEnPosicion(posicion){\n\nExpected one of the following: \n\n'@', 'class', 'const', 'describe', 'mixin', 'object', 'only', 'package', 'program', 'test', 'var', '{', EOF, comment, not \"}\n\n\t\", whitespace\n","stack":"Error: Failed to parse cultivos.wlk: \n-- PARSING FAILED --------------------------------------------------\n\n  83 | \t\tgame.addVisual(self)\n  84 | \t\tcultivos.agregarCultivo(self)\n> 85 | \t}\n     |  ^\n  86 | \n  87 | \tmethod estaEnPosicion(posicion){\n\nExpected one of the following: \n\n'@', 'class', 'const', 'describe', 'mixin', 'object', 'only', 'package', 'program', 'test', 'var', '{', EOF, comment, not \"}\n\n\t\", whitespace\n\n    at /home/publico/.var/app/com.visualstudio.code/data/vscode/extensions/uqbar.wollok-lsp-ide-0.5.3/out/server/src/server.js:2348:13026\n    at Array.map (<anonymous>)\n    at W1n (/home/publico/.var/app/com.visualstudio.code/data/vscode/extensions/uqbar.wollok-lsp-ide-0.5.3/out/server/src/server.js:2348:12950)\n    at U2.buildEnvironmentFrom (/home/publico/.var/app/com.visualstudio.code/data/vscode/extensions/uqbar.wollok-lsp-ide-0.5.3/out/server/src/server.js:2393:5254)\n    at U2.updateEnvironmentWith (/home/publico/.var/app/com.visualstudio.code/data/vscode/extensions/uqbar.wollok-lsp-ide-0.5.3/out/server/src/server.js:2393:4989)\n    at JF (/home/publico/.var/app/com.visualstudio.code/data/vscode/extensions/uqbar.wollok-lsp-ide-0.5.3/out/server/src/server.js:2393:7383)\n    at F3.invoke (/home/publico/.var/app/com.visualstudio.code/data/vscode/extensions/uqbar.wollok-lsp-ide-0.5.3/out/server/src/server.js:3:157334)\n    at o.fire (/home/publico/.var/app/com.visualstudio.code/data/vscode/extensions/uqbar.wollok-lsp-ide-0.5.3/out/server/src/server.js:3:158104)\n    at /home/publico/.var/app/com.visualstudio.code/data/vscode/extensions/uqbar.wollok-lsp-ide-0.5.3/out/server/src/server.js:37:57871\n    at Zr (/home/publico/.var/app/com.visualstudio.code/data/vscode/extensions/uqbar.wollok-lsp-ide-0.5.3/out/server/src/server.js:8:1561)","timestamp":"2025-10-12T15:25:38.231Z"}
{"level":"error","message":"✘ Failed to rebuild document Failed to parse cultivos.wlk: \n-- PARSING FAILED --------------------------------------------------\n\n  83 | \t\tgame.addVisual(self)\n  84 | \t\tcultivos.agregarCultivo(self)\n> 85 | \t}\n     |  ^\n  86 | \n  87 | \tmethod estaEnPosicion(posicion){\n\nExpected one of the following: \n\n'@', 'class', 'const', 'describe', 'mixin', 'object', 'only', 'package', 'program', 'test', 'var', '{', EOF, comment, not \"}\n\n\t\", whitespace\n","stack":"Error: Failed to parse cultivos.wlk: \n-- PARSING FAILED --------------------------------------------------\n\n  83 | \t\tgame.addVisual(self)\n  84 | \t\tcultivos.agregarCultivo(self)\n> 85 | \t}\n     |  ^\n  86 | \n  87 | \tmethod estaEnPosicion(posicion){\n\nExpected one of the following: \n\n'@', 'class', 'const', 'describe', 'mixin', 'object', 'only', 'package', 'program', 'test', 'var', '{', EOF, comment, not \"}\n\n\t\", whitespace\n\n    at /home/publico/.var/app/com.visualstudio.code/data/vscode/extensions/uqbar.wollok-lsp-ide-0.5.3/out/server/src/server.js:2348:13026\n    at Array.map (<anonymous>)\n    at W1n (/home/publico/.var/app/com.visualstudio.code/data/vscode/extensions/uqbar.wollok-lsp-ide-0.5.3/out/server/src/server.js:2348:12950)\n    at U2.buildEnvironmentFrom (/home/publico/.var/app/com.visualstudio.code/data/vscode/extensions/uqbar.wollok-lsp-ide-0.5.3/out/server/src/server.js:2393:5254)\n    at U2.updateEnvironmentWith (/home/publico/.var/app/com.visualstudio.code/data/vscode/extensions/uqbar.wollok-lsp-ide-0.5.3/out/server/src/server.js:2393:4989)\n    at JF (/home/publico/.var/app/com.visualstudio.code/data/vscode/extensions/uqbar.wollok-lsp-ide-0.5.3/out/server/src/server.js:2393:7383)\n    at F3.invoke (/home/publico/.var/app/com.visualstudio.code/data/vscode/extensions/uqbar.wollok-lsp-ide-0.5.3/out/server/src/server.js:3:157334)\n    at o.fire (/home/publico/.var/app/com.visualstudio.code/data/vscode/extensions/uqbar.wollok-lsp-ide-0.5.3/out/server/src/server.js:3:158104)\n    at /home/publico/.var/app/com.visualstudio.code/data/vscode/extensions/uqbar.wollok-lsp-ide-0.5.3/out/server/src/server.js:37:57871\n    at Zr (/home/publico/.var/app/com.visualstudio.code/data/vscode/extensions/uqbar.wollok-lsp-ide-0.5.3/out/server/src/server.js:8:1561)","timestamp":"2025-10-12T15:25:40.540Z"}
{"level":"error","message":"✘ Failed to rebuild document Failed to parse cultivos.wlk: \n-- PARSING FAILED --------------------------------------------------\n\n  83 | \t\tgame.addVisual(self)\n  84 | \t\tcultivos.agregarCultivo(self)\n> 85 | \t}\n     |  ^\n  86 | \n  87 | \tmethod estaEnPosicion(posicion){\n\nExpected one of the following: \n\n'@', 'class', 'const', 'describe', 'mixin', 'object', 'only', 'package', 'program', 'test', 'var', '{', EOF, comment, not \"}\n\n\t\", whitespace\n","stack":"Error: Failed to parse cultivos.wlk: \n-- PARSING FAILED --------------------------------------------------\n\n  83 | \t\tgame.addVisual(self)\n  84 | \t\tcultivos.agregarCultivo(self)\n> 85 | \t}\n     |  ^\n  86 | \n  87 | \tmethod estaEnPosicion(posicion){\n\nExpected one of the following: \n\n'@', 'class', 'const', 'describe', 'mixin', 'object', 'only', 'package', 'program', 'test', 'var', '{', EOF, comment, not \"}\n\n\t\", whitespace\n\n    at /home/publico/.var/app/com.visualstudio.code/data/vscode/extensions/uqbar.wollok-lsp-ide-0.5.3/out/server/src/server.js:2348:13026\n    at Array.map (<anonymous>)\n    at W1n (/home/publico/.var/app/com.visualstudio.code/data/vscode/extensions/uqbar.wollok-lsp-ide-0.5.3/out/server/src/server.js:2348:12950)\n    at U2.buildEnvironmentFrom (/home/publico/.var/app/com.visualstudio.code/data/vscode/extensions/uqbar.wollok-lsp-ide-0.5.3/out/server/src/server.js:2393:5254)\n    at U2.updateEnvironmentWith (/home/publico/.var/app/com.visualstudio.code/data/vscode/extensions/uqbar.wollok-lsp-ide-0.5.3/out/server/src/server.js:2393:4989)\n    at JF (/home/publico/.var/app/com.visualstudio.code/data/vscode/extensions/uqbar.wollok-lsp-ide-0.5.3/out/server/src/server.js:2393:7383)\n    at F3.invoke (/home/publico/.var/app/com.visualstudio.code/data/vscode/extensions/uqbar.wollok-lsp-ide-0.5.3/out/server/src/server.js:3:157334)\n    at o.fire (/home/publico/.var/app/com.visualstudio.code/data/vscode/extensions/uqbar.wollok-lsp-ide-0.5.3/out/server/src/server.js:3:158104)\n    at /home/publico/.var/app/com.visualstudio.code/data/vscode/extensions/uqbar.wollok-lsp-ide-0.5.3/out/server/src/server.js:37:57871\n    at Zr (/home/publico/.var/app/com.visualstudio.code/data/vscode/extensions/uqbar.wollok-lsp-ide-0.5.3/out/server/src/server.js:8:1561)","timestamp":"2025-10-12T15:25:41.528Z"}
{"level":"error","message":"✘ Failed to rebuild document Failed to parse cultivos.wlk: \n-- PARSING FAILED --------------------------------------------------\n\n  83 | \t\tgame.addVisual(self)\n  84 | \t\tcultivos.agregarCultivo(self)\n> 85 | \t}\n     |  ^\n  86 | \n  87 | \tmethod estaEnPosicion(posicion){\n\nExpected one of the following: \n\n'@', 'class', 'const', 'describe', 'mixin', 'object', 'only', 'package', 'program', 'test', 'var', '{', EOF, comment, not \"}\n\n\t\", whitespace\n","stack":"Error: Failed to parse cultivos.wlk: \n-- PARSING FAILED --------------------------------------------------\n\n  83 | \t\tgame.addVisual(self)\n  84 | \t\tcultivos.agregarCultivo(self)\n> 85 | \t}\n     |  ^\n  86 | \n  87 | \tmethod estaEnPosicion(posicion){\n\nExpected one of the following: \n\n'@', 'class', 'const', 'describe', 'mixin', 'object', 'only', 'package', 'program', 'test', 'var', '{', EOF, comment, not \"}\n\n\t\", whitespace\n\n    at /home/publico/.var/app/com.visualstudio.code/data/vscode/extensions/uqbar.wollok-lsp-ide-0.5.3/out/server/src/server.js:2348:13026\n    at Array.map (<anonymous>)\n    at W1n (/home/publico/.var/app/com.visualstudio.code/data/vscode/extensions/uqbar.wollok-lsp-ide-0.5.3/out/server/src/server.js:2348:12950)\n    at U2.buildEnvironmentFrom (/home/publico/.var/app/com.visualstudio.code/data/vscode/extensions/uqbar.wollok-lsp-ide-0.5.3/out/server/src/server.js:2393:5254)\n    at U2.updateEnvironmentWith (/home/publico/.var/app/com.visualstudio.code/data/vscode/extensions/uqbar.wollok-lsp-ide-0.5.3/out/server/src/server.js:2393:4989)\n    at JF (/home/publico/.var/app/com.visualstudio.code/data/vscode/extensions/uqbar.wollok-lsp-ide-0.5.3/out/server/src/server.js:2393:7383)\n    at F3.invoke (/home/publico/.var/app/com.visualstudio.code/data/vscode/extensions/uqbar.wollok-lsp-ide-0.5.3/out/server/src/server.js:3:157334)\n    at o.fire (/home/publico/.var/app/com.visualstudio.code/data/vscode/extensions/uqbar.wollok-lsp-ide-0.5.3/out/server/src/server.js:3:158104)\n    at /home/publico/.var/app/com.visualstudio.code/data/vscode/extensions/uqbar.wollok-lsp-ide-0.5.3/out/server/src/server.js:37:57871\n    at Zr (/home/publico/.var/app/com.visualstudio.code/data/vscode/extensions/uqbar.wollok-lsp-ide-0.5.3/out/server/src/server.js:8:1561)","timestamp":"2025-10-12T15:25:42.036Z"}
{"level":"error","message":"✘ Failed to rebuild document Failed to parse cultivos.wlk: \n-- PARSING FAILED --------------------------------------------------\n\n  83 | \t\tgame.addVisual(self)\n  84 | \t\tcultivos.agregarCultivo(self)\n> 85 | \t}\n     |  ^\n  86 | \n  87 | \tmethod estaEnPosicion(posicion){\n\nExpected one of the following: \n\n'@', 'class', 'const', 'describe', 'mixin', 'object', 'only', 'package', 'program', 'test', 'var', '{', EOF, comment, not \"}\n\n\t\", whitespace\n","stack":"Error: Failed to parse cultivos.wlk: \n-- PARSING FAILED --------------------------------------------------\n\n  83 | \t\tgame.addVisual(self)\n  84 | \t\tcultivos.agregarCultivo(self)\n> 85 | \t}\n     |  ^\n  86 | \n  87 | \tmethod estaEnPosicion(posicion){\n\nExpected one of the following: \n\n'@', 'class', 'const', 'describe', 'mixin', 'object', 'only', 'package', 'program', 'test', 'var', '{', EOF, comment, not \"}\n\n\t\", whitespace\n\n    at /home/publico/.var/app/com.visualstudio.code/data/vscode/extensions/uqbar.wollok-lsp-ide-0.5.3/out/server/src/server.js:2348:13026\n    at Array.map (<anonymous>)\n    at W1n (/home/publico/.var/app/com.visualstudio.code/data/vscode/extensions/uqbar.wollok-lsp-ide-0.5.3/out/server/src/server.js:2348:12950)\n    at U2.buildEnvironmentFrom (/home/publico/.var/app/com.visualstudio.code/data/vscode/extensions/uqbar.wollok-lsp-ide-0.5.3/out/server/src/server.js:2393:5254)\n    at U2.updateEnvironmentWith (/home/publico/.var/app/com.visualstudio.code/data/vscode/extensions/uqbar.wollok-lsp-ide-0.5.3/out/server/src/server.js:2393:4989)\n    at JF (/home/publico/.var/app/com.visualstudio.code/data/vscode/extensions/uqbar.wollok-lsp-ide-0.5.3/out/server/src/server.js:2393:7383)\n    at F3.invoke (/home/publico/.var/app/com.visualstudio.code/data/vscode/extensions/uqbar.wollok-lsp-ide-0.5.3/out/server/src/server.js:3:157334)\n    at o.fire (/home/publico/.var/app/com.visualstudio.code/data/vscode/extensions/uqbar.wollok-lsp-ide-0.5.3/out/server/src/server.js:3:158104)\n    at /home/publico/.var/app/com.visualstudio.code/data/vscode/extensions/uqbar.wollok-lsp-ide-0.5.3/out/server/src/server.js:37:57871\n    at Zr (/home/publico/.var/app/com.visualstudio.code/data/vscode/extensions/uqbar.wollok-lsp-ide-0.5.3/out/server/src/server.js:8:1561)","timestamp":"2025-10-12T15:25:42.072Z"}
{"level":"error","message":"✘ Failed to rebuild document Failed to parse cultivos.wlk: \n-- PARSING FAILED --------------------------------------------------\n\n  83 | \t\tgame.addVisual(self)\n  84 | \t\tcultivos.agregarCultivo(self)\n> 85 | \t}\n     |  ^\n  86 | \n  87 | \tmethod estaEnPosicion(posicion){\n\nExpected one of the following: \n\n'@', 'class', 'const', 'describe', 'mixin', 'object', 'only', 'package', 'program', 'test', 'var', '{', EOF, comment, not \"}\n\n\t\", whitespace\n","stack":"Error: Failed to parse cultivos.wlk: \n-- PARSING FAILED --------------------------------------------------\n\n  83 | \t\tgame.addVisual(self)\n  84 | \t\tcultivos.agregarCultivo(self)\n> 85 | \t}\n     |  ^\n  86 | \n  87 | \tmethod estaEnPosicion(posicion){\n\nExpected one of the following: \n\n'@', 'class', 'const', 'describe', 'mixin', 'object', 'only', 'package', 'program', 'test', 'var', '{', EOF, comment, not \"}\n\n\t\", whitespace\n\n    at /home/publico/.var/app/com.visualstudio.code/data/vscode/extensions/uqbar.wollok-lsp-ide-0.5.3/out/server/src/server.js:2348:13026\n    at Array.map (<anonymous>)\n    at W1n (/home/publico/.var/app/com.visualstudio.code/data/vscode/extensions/uqbar.wollok-lsp-ide-0.5.3/out/server/src/server.js:2348:12950)\n    at U2.buildEnvironmentFrom (/home/publico/.var/app/com.visualstudio.code/data/vscode/extensions/uqbar.wollok-lsp-ide-0.5.3/out/server/src/server.js:2393:5254)\n    at U2.updateEnvironmentWith (/home/publico/.var/app/com.visualstudio.code/data/vscode/extensions/uqbar.wollok-lsp-ide-0.5.3/out/server/src/server.js:2393:4989)\n    at JF (/home/publico/.var/app/com.visualstudio.code/data/vscode/extensions/uqbar.wollok-lsp-ide-0.5.3/out/server/src/server.js:2393:7383)\n    at F3.invoke (/home/publico/.var/app/com.visualstudio.code/data/vscode/extensions/uqbar.wollok-lsp-ide-0.5.3/out/server/src/server.js:3:157334)\n    at o.fire (/home/publico/.var/app/com.visualstudio.code/data/vscode/extensions/uqbar.wollok-lsp-ide-0.5.3/out/server/src/server.js:3:158104)\n    at /home/publico/.var/app/com.visualstudio.code/data/vscode/extensions/uqbar.wollok-lsp-ide-0.5.3/out/server/src/server.js:37:57871\n    at Zr (/home/publico/.var/app/com.visualstudio.code/data/vscode/extensions/uqbar.wollok-lsp-ide-0.5.3/out/server/src/server.js:8:1561)","timestamp":"2025-10-12T15:25:42.101Z"}
{"level":"error","message":"✘ Failed to rebuild document Failed to parse cultivos.wlk: \n-- PARSING FAILED --------------------------------------------------\n\n  83 | \t\tgame.addVisual(self)\n  84 | \t\tcultivos.agregarCultivo(self)\n> 85 | \t}\n     |  ^\n  86 | \n  87 | \tmethod estaEnPosicion(posicion){\n\nExpected one of the following: \n\n'@', 'class', 'const', 'describe', 'mixin', 'object', 'only', 'package', 'program', 'test', 'var', '{', EOF, comment, not \"}\n\n\t\", whitespace\n","stack":"Error: Failed to parse cultivos.wlk: \n-- PARSING FAILED --------------------------------------------------\n\n  83 | \t\tgame.addVisual(self)\n  84 | \t\tcultivos.agregarCultivo(self)\n> 85 | \t}\n     |  ^\n  86 | \n  87 | \tmethod estaEnPosicion(posicion){\n\nExpected one of the following: \n\n'@', 'class', 'const', 'describe', 'mixin', 'object', 'only', 'package', 'program', 'test', 'var', '{', EOF, comment, not \"}\n\n\t\", whitespace\n\n    at /home/publico/.var/app/com.visualstudio.code/data/vscode/extensions/uqbar.wollok-lsp-ide-0.5.3/out/server/src/server.js:2348:13026\n    at Array.map (<anonymous>)\n    at W1n (/home/publico/.var/app/com.visualstudio.code/data/vscode/extensions/uqbar.wollok-lsp-ide-0.5.3/out/server/src/server.js:2348:12950)\n    at U2.buildEnvironmentFrom (/home/publico/.var/app/com.visualstudio.code/data/vscode/extensions/uqbar.wollok-lsp-ide-0.5.3/out/server/src/server.js:2393:5254)\n    at U2.updateEnvironmentWith (/home/publico/.var/app/com.visualstudio.code/data/vscode/extensions/uqbar.wollok-lsp-ide-0.5.3/out/server/src/server.js:2393:4989)\n    at JF (/home/publico/.var/app/com.visualstudio.code/data/vscode/extensions/uqbar.wollok-lsp-ide-0.5.3/out/server/src/server.js:2393:7383)\n    at F3.invoke (/home/publico/.var/app/com.visualstudio.code/data/vscode/extensions/uqbar.wollok-lsp-ide-0.5.3/out/server/src/server.js:3:157334)\n    at o.fire (/home/publico/.var/app/com.visualstudio.code/data/vscode/extensions/uqbar.wollok-lsp-ide-0.5.3/out/server/src/server.js:3:158104)\n    at /home/publico/.var/app/com.visualstudio.code/data/vscode/extensions/uqbar.wollok-lsp-ide-0.5.3/out/server/src/server.js:37:57871\n    at Zr (/home/publico/.var/app/com.visualstudio.code/data/vscode/extensions/uqbar.wollok-lsp-ide-0.5.3/out/server/src/server.js:8:1561)","timestamp":"2025-10-12T15:25:42.129Z"}
{"level":"error","message":"✘ Failed to rebuild document Failed to parse cultivos.wlk: \n-- PARSING FAILED --------------------------------------------------\n\n  83 | \t\tgame.addVisual(self)\n  84 | \t\tcultivos.agregarCultivo(self)\n> 85 | \t}\n     |  ^\n  86 | \n  87 | \tmethod estaEnPosicion(posicion){\n\nExpected one of the following: \n\n'@', 'class', 'const', 'describe', 'mixin', 'object', 'only', 'package', 'program', 'test', 'var', '{', EOF, comment, not \"}\n\n\t\", whitespace\n","stack":"Error: Failed to parse cultivos.wlk: \n-- PARSING FAILED --------------------------------------------------\n\n  83 | \t\tgame.addVisual(self)\n  84 | \t\tcultivos.agregarCultivo(self)\n> 85 | \t}\n     |  ^\n  86 | \n  87 | \tmethod estaEnPosicion(posicion){\n\nExpected one of the following: \n\n'@', 'class', 'const', 'describe', 'mixin', 'object', 'only', 'package', 'program', 'test', 'var', '{', EOF, comment, not \"}\n\n\t\", whitespace\n\n    at /home/publico/.var/app/com.visualstudio.code/data/vscode/extensions/uqbar.wollok-lsp-ide-0.5.3/out/server/src/server.js:2348:13026\n    at Array.map (<anonymous>)\n    at W1n (/home/publico/.var/app/com.visualstudio.code/data/vscode/extensions/uqbar.wollok-lsp-ide-0.5.3/out/server/src/server.js:2348:12950)\n    at U2.buildEnvironmentFrom (/home/publico/.var/app/com.visualstudio.code/data/vscode/extensions/uqbar.wollok-lsp-ide-0.5.3/out/server/src/server.js:2393:5254)\n    at U2.updateEnvironmentWith (/home/publico/.var/app/com.visualstudio.code/data/vscode/extensions/uqbar.wollok-lsp-ide-0.5.3/out/server/src/server.js:2393:4989)\n    at JF (/home/publico/.var/app/com.visualstudio.code/data/vscode/extensions/uqbar.wollok-lsp-ide-0.5.3/out/server/src/server.js:2393:7383)\n    at F3.invoke (/home/publico/.var/app/com.visualstudio.code/data/vscode/extensions/uqbar.wollok-lsp-ide-0.5.3/out/server/src/server.js:3:157334)\n    at o.fire (/home/publico/.var/app/com.visualstudio.code/data/vscode/extensions/uqbar.wollok-lsp-ide-0.5.3/out/server/src/server.js:3:158104)\n    at /home/publico/.var/app/com.visualstudio.code/data/vscode/extensions/uqbar.wollok-lsp-ide-0.5.3/out/server/src/server.js:37:57871\n    at Zr (/home/publico/.var/app/com.visualstudio.code/data/vscode/extensions/uqbar.wollok-lsp-ide-0.5.3/out/server/src/server.js:8:1561)","timestamp":"2025-10-12T15:25:42.157Z"}
{"level":"error","message":"✘ Failed to rebuild document Failed to parse cultivos.wlk: \n-- PARSING FAILED --------------------------------------------------\n\n  83 | \t\tgame.addVisual(self)\n  84 | \t\tcultivos.agregarCultivo(self)\n> 85 | \t}\n     |  ^\n  86 | \n  87 | \tmethod estaEnPosicion(posicion){\n\nExpected one of the following: \n\n'@', 'class', 'const', 'describe', 'mixin', 'object', 'only', 'package', 'program', 'test', 'var', '{', EOF, comment, not \"}\n\n\t\", whitespace\n","stack":"Error: Failed to parse cultivos.wlk: \n-- PARSING FAILED --------------------------------------------------\n\n  83 | \t\tgame.addVisual(self)\n  84 | \t\tcultivos.agregarCultivo(self)\n> 85 | \t}\n     |  ^\n  86 | \n  87 | \tmethod estaEnPosicion(posicion){\n\nExpected one of the following: \n\n'@', 'class', 'const', 'describe', 'mixin', 'object', 'only', 'package', 'program', 'test', 'var', '{', EOF, comment, not \"}\n\n\t\", whitespace\n\n    at /home/publico/.var/app/com.visualstudio.code/data/vscode/extensions/uqbar.wollok-lsp-ide-0.5.3/out/server/src/server.js:2348:13026\n    at Array.map (<anonymous>)\n    at W1n (/home/publico/.var/app/com.visualstudio.code/data/vscode/extensions/uqbar.wollok-lsp-ide-0.5.3/out/server/src/server.js:2348:12950)\n    at U2.buildEnvironmentFrom (/home/publico/.var/app/com.visualstudio.code/data/vscode/extensions/uqbar.wollok-lsp-ide-0.5.3/out/server/src/server.js:2393:5254)\n    at U2.updateEnvironmentWith (/home/publico/.var/app/com.visualstudio.code/data/vscode/extensions/uqbar.wollok-lsp-ide-0.5.3/out/server/src/server.js:2393:4989)\n    at JF (/home/publico/.var/app/com.visualstudio.code/data/vscode/extensions/uqbar.wollok-lsp-ide-0.5.3/out/server/src/server.js:2393:7383)\n    at F3.invoke (/home/publico/.var/app/com.visualstudio.code/data/vscode/extensions/uqbar.wollok-lsp-ide-0.5.3/out/server/src/server.js:3:157334)\n    at o.fire (/home/publico/.var/app/com.visualstudio.code/data/vscode/extensions/uqbar.wollok-lsp-ide-0.5.3/out/server/src/server.js:3:158104)\n    at /home/publico/.var/app/com.visualstudio.code/data/vscode/extensions/uqbar.wollok-lsp-ide-0.5.3/out/server/src/server.js:37:57871\n    at Zr (/home/publico/.var/app/com.visualstudio.code/data/vscode/extensions/uqbar.wollok-lsp-ide-0.5.3/out/server/src/server.js:8:1561)","timestamp":"2025-10-12T15:25:42.193Z"}
{"level":"error","message":"✘ Failed to rebuild document Failed to parse cultivos.wlk: \n-- PARSING FAILED --------------------------------------------------\n\n  83 | \t\tgame.addVisual(self)\n  84 | \t\tcultivos.agregarCultivo(self)\n> 85 | \t}\n     |  ^\n  86 | \n  87 | \tmethod estaEnPosicion(posicion){\n\nExpected one of the following: \n\n'@', 'class', 'const', 'describe', 'mixin', 'object', 'only', 'package', 'program', 'test', 'var', '{', EOF, comment, not \"}\n\n\t\", whitespace\n","stack":"Error: Failed to parse cultivos.wlk: \n-- PARSING FAILED --------------------------------------------------\n\n  83 | \t\tgame.addVisual(self)\n  84 | \t\tcultivos.agregarCultivo(self)\n> 85 | \t}\n     |  ^\n  86 | \n  87 | \tmethod estaEnPosicion(posicion){\n\nExpected one of the following: \n\n'@', 'class', 'const', 'describe', 'mixin', 'object', 'only', 'package', 'program', 'test', 'var', '{', EOF, comment, not \"}\n\n\t\", whitespace\n\n    at /home/publico/.var/app/com.visualstudio.code/data/vscode/extensions/uqbar.wollok-lsp-ide-0.5.3/out/server/src/server.js:2348:13026\n    at Array.map (<anonymous>)\n    at W1n (/home/publico/.var/app/com.visualstudio.code/data/vscode/extensions/uqbar.wollok-lsp-ide-0.5.3/out/server/src/server.js:2348:12950)\n    at U2.buildEnvironmentFrom (/home/publico/.var/app/com.visualstudio.code/data/vscode/extensions/uqbar.wollok-lsp-ide-0.5.3/out/server/src/server.js:2393:5254)\n    at U2.updateEnvironmentWith (/home/publico/.var/app/com.visualstudio.code/data/vscode/extensions/uqbar.wollok-lsp-ide-0.5.3/out/server/src/server.js:2393:4989)\n    at JF (/home/publico/.var/app/com.visualstudio.code/data/vscode/extensions/uqbar.wollok-lsp-ide-0.5.3/out/server/src/server.js:2393:7383)\n    at F3.invoke (/home/publico/.var/app/com.visualstudio.code/data/vscode/extensions/uqbar.wollok-lsp-ide-0.5.3/out/server/src/server.js:3:157334)\n    at o.fire (/home/publico/.var/app/com.visualstudio.code/data/vscode/extensions/uqbar.wollok-lsp-ide-0.5.3/out/server/src/server.js:3:158104)\n    at /home/publico/.var/app/com.visualstudio.code/data/vscode/extensions/uqbar.wollok-lsp-ide-0.5.3/out/server/src/server.js:37:57871\n    at Zr (/home/publico/.var/app/com.visualstudio.code/data/vscode/extensions/uqbar.wollok-lsp-ide-0.5.3/out/server/src/server.js:8:1561)","timestamp":"2025-10-12T15:25:42.224Z"}
{"level":"error","message":"✘ Failed to rebuild document Failed to parse cultivos.wlk: \n-- PARSING FAILED --------------------------------------------------\n\n  83 | \t\tgame.addVisual(self)\n  84 | \t\tcultivos.agregarCultivo(self)\n> 85 | \t}\n     |  ^\n  86 | \n  87 | \tmethod estaEnPosicion(posicion){\n\nExpected one of the following: \n\n'@', 'class', 'const', 'describe', 'mixin', 'object', 'only', 'package', 'program', 'test', 'var', '{', EOF, comment, not \"}\n\n\t\", whitespace\n","stack":"Error: Failed to parse cultivos.wlk: \n-- PARSING FAILED --------------------------------------------------\n\n  83 | \t\tgame.addVisual(self)\n  84 | \t\tcultivos.agregarCultivo(self)\n> 85 | \t}\n     |  ^\n  86 | \n  87 | \tmethod estaEnPosicion(posicion){\n\nExpected one of the following: \n\n'@', 'class', 'const', 'describe', 'mixin', 'object', 'only', 'package', 'program', 'test', 'var', '{', EOF, comment, not \"}\n\n\t\", whitespace\n\n    at /home/publico/.var/app/com.visualstudio.code/data/vscode/extensions/uqbar.wollok-lsp-ide-0.5.3/out/server/src/server.js:2348:13026\n    at Array.map (<anonymous>)\n    at W1n (/home/publico/.var/app/com.visualstudio.code/data/vscode/extensions/uqbar.wollok-lsp-ide-0.5.3/out/server/src/server.js:2348:12950)\n    at U2.buildEnvironmentFrom (/home/publico/.var/app/com.visualstudio.code/data/vscode/extensions/uqbar.wollok-lsp-ide-0.5.3/out/server/src/server.js:2393:5254)\n    at U2.updateEnvironmentWith (/home/publico/.var/app/com.visualstudio.code/data/vscode/extensions/uqbar.wollok-lsp-ide-0.5.3/out/server/src/server.js:2393:4989)\n    at JF (/home/publico/.var/app/com.visualstudio.code/data/vscode/extensions/uqbar.wollok-lsp-ide-0.5.3/out/server/src/server.js:2393:7383)\n    at F3.invoke (/home/publico/.var/app/com.visualstudio.code/data/vscode/extensions/uqbar.wollok-lsp-ide-0.5.3/out/server/src/server.js:3:157334)\n    at o.fire (/home/publico/.var/app/com.visualstudio.code/data/vscode/extensions/uqbar.wollok-lsp-ide-0.5.3/out/server/src/server.js:3:158104)\n    at /home/publico/.var/app/com.visualstudio.code/data/vscode/extensions/uqbar.wollok-lsp-ide-0.5.3/out/server/src/server.js:37:57871\n    at Zr (/home/publico/.var/app/com.visualstudio.code/data/vscode/extensions/uqbar.wollok-lsp-ide-0.5.3/out/server/src/server.js:8:1561)","timestamp":"2025-10-12T15:25:42.249Z"}
{"level":"error","message":"✘ Failed to rebuild document Failed to parse cultivos.wlk: \n-- PARSING FAILED --------------------------------------------------\n\n  83 | \t\tgame.addVisual(self)\n  84 | \t\tcultivos.agregarCultivo(self)\n> 85 | \t}\n     |  ^\n  86 | \n  87 | \tmethod estaEnPosicion(posicion){\n\nExpected one of the following: \n\n'@', 'class', 'const', 'describe', 'mixin', 'object', 'only', 'package', 'program', 'test', 'var', '{', EOF, comment, not \"}\n\n\t\", whitespace\n","stack":"Error: Failed to parse cultivos.wlk: \n-- PARSING FAILED --------------------------------------------------\n\n  83 | \t\tgame.addVisual(self)\n  84 | \t\tcultivos.agregarCultivo(self)\n> 85 | \t}\n     |  ^\n  86 | \n  87 | \tmethod estaEnPosicion(posicion){\n\nExpected one of the following: \n\n'@', 'class', 'const', 'describe', 'mixin', 'object', 'only', 'package', 'program', 'test', 'var', '{', EOF, comment, not \"}\n\n\t\", whitespace\n\n    at /home/publico/.var/app/com.visualstudio.code/data/vscode/extensions/uqbar.wollok-lsp-ide-0.5.3/out/server/src/server.js:2348:13026\n    at Array.map (<anonymous>)\n    at W1n (/home/publico/.var/app/com.visualstudio.code/data/vscode/extensions/uqbar.wollok-lsp-ide-0.5.3/out/server/src/server.js:2348:12950)\n    at U2.buildEnvironmentFrom (/home/publico/.var/app/com.visualstudio.code/data/vscode/extensions/uqbar.wollok-lsp-ide-0.5.3/out/server/src/server.js:2393:5254)\n    at U2.updateEnvironmentWith (/home/publico/.var/app/com.visualstudio.code/data/vscode/extensions/uqbar.wollok-lsp-ide-0.5.3/out/server/src/server.js:2393:4989)\n    at JF (/home/publico/.var/app/com.visualstudio.code/data/vscode/extensions/uqbar.wollok-lsp-ide-0.5.3/out/server/src/server.js:2393:7383)\n    at F3.invoke (/home/publico/.var/app/com.visualstudio.code/data/vscode/extensions/uqbar.wollok-lsp-ide-0.5.3/out/server/src/server.js:3:157334)\n    at o.fire (/home/publico/.var/app/com.visualstudio.code/data/vscode/extensions/uqbar.wollok-lsp-ide-0.5.3/out/server/src/server.js:3:158104)\n    at /home/publico/.var/app/com.visualstudio.code/data/vscode/extensions/uqbar.wollok-lsp-ide-0.5.3/out/server/src/server.js:37:57871\n    at Zr (/home/publico/.var/app/com.visualstudio.code/data/vscode/extensions/uqbar.wollok-lsp-ide-0.5.3/out/server/src/server.js:8:1561)","timestamp":"2025-10-12T15:25:42.280Z"}
{"level":"error","message":"✘ Failed to rebuild document Failed to parse cultivos.wlk: \n-- PARSING FAILED --------------------------------------------------\n\n  83 | \t\tgame.addVisual(self)\n  84 | \t\tcultivos.agregarCultivo(self)\n> 85 | \t}\n     |  ^\n  86 | \n  87 | \tmethod estaEnPosicion(posicion){\n\nExpected one of the following: \n\n'@', 'class', 'const', 'describe', 'mixin', 'object', 'only', 'package', 'program', 'test', 'var', '{', EOF, comment, not \"}\n\n\t\", whitespace\n","stack":"Error: Failed to parse cultivos.wlk: \n-- PARSING FAILED --------------------------------------------------\n\n  83 | \t\tgame.addVisual(self)\n  84 | \t\tcultivos.agregarCultivo(self)\n> 85 | \t}\n     |  ^\n  86 | \n  87 | \tmethod estaEnPosicion(posicion){\n\nExpected one of the following: \n\n'@', 'class', 'const', 'describe', 'mixin', 'object', 'only', 'package', 'program', 'test', 'var', '{', EOF, comment, not \"}\n\n\t\", whitespace\n\n    at /home/publico/.var/app/com.visualstudio.code/data/vscode/extensions/uqbar.wollok-lsp-ide-0.5.3/out/server/src/server.js:2348:13026\n    at Array.map (<anonymous>)\n    at W1n (/home/publico/.var/app/com.visualstudio.code/data/vscode/extensions/uqbar.wollok-lsp-ide-0.5.3/out/server/src/server.js:2348:12950)\n    at U2.buildEnvironmentFrom (/home/publico/.var/app/com.visualstudio.code/data/vscode/extensions/uqbar.wollok-lsp-ide-0.5.3/out/server/src/server.js:2393:5254)\n    at U2.updateEnvironmentWith (/home/publico/.var/app/com.visualstudio.code/data/vscode/extensions/uqbar.wollok-lsp-ide-0.5.3/out/server/src/server.js:2393:4989)\n    at JF (/home/publico/.var/app/com.visualstudio.code/data/vscode/extensions/uqbar.wollok-lsp-ide-0.5.3/out/server/src/server.js:2393:7383)\n    at F3.invoke (/home/publico/.var/app/com.visualstudio.code/data/vscode/extensions/uqbar.wollok-lsp-ide-0.5.3/out/server/src/server.js:3:157334)\n    at o.fire (/home/publico/.var/app/com.visualstudio.code/data/vscode/extensions/uqbar.wollok-lsp-ide-0.5.3/out/server/src/server.js:3:158104)\n    at /home/publico/.var/app/com.visualstudio.code/data/vscode/extensions/uqbar.wollok-lsp-ide-0.5.3/out/server/src/server.js:37:57871\n    at Zr (/home/publico/.var/app/com.visualstudio.code/data/vscode/extensions/uqbar.wollok-lsp-ide-0.5.3/out/server/src/server.js:8:1561)","timestamp":"2025-10-12T15:25:42.325Z"}
{"level":"error","message":"✘ Failed to rebuild document Failed to parse cultivos.wlk: \n-- PARSING FAILED --------------------------------------------------\n\n  83 | \t\tgame.addVisual(self)\n  84 | \t\tcultivos.agregarCultivo(self)\n> 85 | \t}\n     |  ^\n  86 | \n  87 | \tmethod estaEnPosicion(posicion){\n\nExpected one of the following: \n\n'@', 'class', 'const', 'describe', 'mixin', 'object', 'only', 'package', 'program', 'test', 'var', '{', EOF, comment, not \"}\n\n\t\", whitespace\n","stack":"Error: Failed to parse cultivos.wlk: \n-- PARSING FAILED --------------------------------------------------\n\n  83 | \t\tgame.addVisual(self)\n  84 | \t\tcultivos.agregarCultivo(self)\n> 85 | \t}\n     |  ^\n  86 | \n  87 | \tmethod estaEnPosicion(posicion){\n\nExpected one of the following: \n\n'@', 'class', 'const', 'describe', 'mixin', 'object', 'only', 'package', 'program', 'test', 'var', '{', EOF, comment, not \"}\n\n\t\", whitespace\n\n    at /home/publico/.var/app/com.visualstudio.code/data/vscode/extensions/uqbar.wollok-lsp-ide-0.5.3/out/server/src/server.js:2348:13026\n    at Array.map (<anonymous>)\n    at W1n (/home/publico/.var/app/com.visualstudio.code/data/vscode/extensions/uqbar.wollok-lsp-ide-0.5.3/out/server/src/server.js:2348:12950)\n    at U2.buildEnvironmentFrom (/home/publico/.var/app/com.visualstudio.code/data/vscode/extensions/uqbar.wollok-lsp-ide-0.5.3/out/server/src/server.js:2393:5254)\n    at U2.updateEnvironmentWith (/home/publico/.var/app/com.visualstudio.code/data/vscode/extensions/uqbar.wollok-lsp-ide-0.5.3/out/server/src/server.js:2393:4989)\n    at JF (/home/publico/.var/app/com.visualstudio.code/data/vscode/extensions/uqbar.wollok-lsp-ide-0.5.3/out/server/src/server.js:2393:7383)\n    at F3.invoke (/home/publico/.var/app/com.visualstudio.code/data/vscode/extensions/uqbar.wollok-lsp-ide-0.5.3/out/server/src/server.js:3:157334)\n    at o.fire (/home/publico/.var/app/com.visualstudio.code/data/vscode/extensions/uqbar.wollok-lsp-ide-0.5.3/out/server/src/server.js:3:158104)\n    at /home/publico/.var/app/com.visualstudio.code/data/vscode/extensions/uqbar.wollok-lsp-ide-0.5.3/out/server/src/server.js:37:57871\n    at Zr (/home/publico/.var/app/com.visualstudio.code/data/vscode/extensions/uqbar.wollok-lsp-ide-0.5.3/out/server/src/server.js:8:1561)","timestamp":"2025-10-12T15:25:42.340Z"}
{"level":"error","message":"✘ Failed to rebuild document Failed to parse cultivos.wlk: \n-- PARSING FAILED --------------------------------------------------\n\n  82 | \t\tgame.addVisual(self)\n  83 | \t\tcultivos.agregarCultivo(self)\n> 84 | \t}\n     |  ^\n  85 | \n  86 | \tmethod estaEnPosicion(posicion){\n\nExpected one of the following: \n\n'@', 'class', 'const', 'describe', 'mixin', 'object', 'only', 'package', 'program', 'test', 'var', '{', EOF, comment, not \"}\n\n\t\", whitespace\n","stack":"Error: Failed to parse cultivos.wlk: \n-- PARSING FAILED --------------------------------------------------\n\n  82 | \t\tgame.addVisual(self)\n  83 | \t\tcultivos.agregarCultivo(self)\n> 84 | \t}\n     |  ^\n  85 | \n  86 | \tmethod estaEnPosicion(posicion){\n\nExpected one of the following: \n\n'@', 'class', 'const', 'describe', 'mixin', 'object', 'only', 'package', 'program', 'test', 'var', '{', EOF, comment, not \"}\n\n\t\", whitespace\n\n    at /home/publico/.var/app/com.visualstudio.code/data/vscode/extensions/uqbar.wollok-lsp-ide-0.5.3/out/server/src/server.js:2348:13026\n    at Array.map (<anonymous>)\n    at W1n (/home/publico/.var/app/com.visualstudio.code/data/vscode/extensions/uqbar.wollok-lsp-ide-0.5.3/out/server/src/server.js:2348:12950)\n    at U2.buildEnvironmentFrom (/home/publico/.var/app/com.visualstudio.code/data/vscode/extensions/uqbar.wollok-lsp-ide-0.5.3/out/server/src/server.js:2393:5254)\n    at U2.updateEnvironmentWith (/home/publico/.var/app/com.visualstudio.code/data/vscode/extensions/uqbar.wollok-lsp-ide-0.5.3/out/server/src/server.js:2393:4989)\n    at JF (/home/publico/.var/app/com.visualstudio.code/data/vscode/extensions/uqbar.wollok-lsp-ide-0.5.3/out/server/src/server.js:2393:7383)\n    at F3.invoke (/home/publico/.var/app/com.visualstudio.code/data/vscode/extensions/uqbar.wollok-lsp-ide-0.5.3/out/server/src/server.js:3:157334)\n    at o.fire (/home/publico/.var/app/com.visualstudio.code/data/vscode/extensions/uqbar.wollok-lsp-ide-0.5.3/out/server/src/server.js:3:158104)\n    at /home/publico/.var/app/com.visualstudio.code/data/vscode/extensions/uqbar.wollok-lsp-ide-0.5.3/out/server/src/server.js:37:57871\n    at Zr (/home/publico/.var/app/com.visualstudio.code/data/vscode/extensions/uqbar.wollok-lsp-ide-0.5.3/out/server/src/server.js:8:1561)","timestamp":"2025-10-12T15:25:42.460Z"}
{"level":"info","message":"⌛ Building environment","timeElapsed":166,"timestamp":"2025-10-12T15:25:45.914Z"}
{"level":"info","message":"⌛ Validating cultivos.wlk","timeElapsed":203,"timestamp":"2025-10-12T15:25:46.119Z"}
{"level":"info","message":"⌛ Building environment","timeElapsed":174,"timestamp":"2025-10-12T15:25:47.283Z"}
{"level":"info","message":"⌛ Validating cultivos.wlk","timeElapsed":206,"timestamp":"2025-10-12T15:25:47.491Z"}
{"level":"info","message":"⌛ Building environment","timeElapsed":159,"timestamp":"2025-10-12T15:25:48.794Z"}
{"level":"info","message":"⌛ Validating cultivos.wlk","timeElapsed":208,"timestamp":"2025-10-12T15:25:49.115Z"}
{"level":"info","message":"⌛ Building environment","timeElapsed":196,"timestamp":"2025-10-12T15:25:49.317Z"}
{"level":"info","message":"⌛ Validating cultivos.wlk","timeElapsed":207,"timestamp":"2025-10-12T15:25:49.529Z"}
{"level":"info","message":"⌛ Building environment","timeElapsed":151,"timestamp":"2025-10-12T15:25:51.080Z"}
{"level":"info","message":"⌛ Validating cultivos.wlk","timeElapsed":195,"timestamp":"2025-10-12T15:25:51.288Z"}
{"level":"info","message":"⌛ Building environment","timeElapsed":161,"timestamp":"2025-10-12T15:25:51.449Z"}
{"level":"info","message":"⌛ Validating cultivos.wlk","timeElapsed":222,"timestamp":"2025-10-12T15:25:51.689Z"}
{"exitCode":"SIGHUP","level":"info","message":"👾 Game executed game.farmville on /home/publico/Escritorio/POO-Gutierrez Eric/2025c2s2-granja-villa-Gutierrez-Eric","timeElapsed":63615,"timestamp":"2025-10-12T15:25:59.680Z"}
{"level":"info","message":"🚀 Program executed \u001b[3m\u001b[34mgame.farmville\u001b[39m\u001b[23m on \u001b[3m\u001b[34m/home/publico/Escritorio/POO-Gutierrez Eric/2025c2s2-granja-villa-Gutierrez-Eric\u001b[39m\u001b[23m","ok":true,"timeElapsed":1069,"timestamp":"2025-10-12T15:26:03.280Z"}
{"level":"info","message":"⌛ Building environment","timeElapsed":233,"timestamp":"2025-10-12T15:26:16.314Z"}
{"level":"info","message":"⌛ Validating cultivos.wlk","timeElapsed":198,"timestamp":"2025-10-12T15:26:16.513Z"}
{"level":"info","message":"⌛ Validating testCultivos.wtest","timeElapsed":160,"timestamp":"2025-10-12T15:26:16.676Z"}
{"level":"info","message":"⌛ Validating personaje.wlk","timeElapsed":160,"timestamp":"2025-10-12T15:26:16.837Z"}
{"level":"info","message":"⌛ Validating game.wpgm","timeElapsed":164,"timestamp":"2025-10-12T15:26:17.003Z"}
